============================= test session starts =============================
platform win32 -- Python 3.13.5, pytest-8.2.2, pluggy-1.6.0
rootdir: C:\Repos\crypto-traking-alert
plugins: anyio-4.9.0, asyncio-1.0.0, cov-5.0.0, respx-0.20.2
asyncio: mode=Mode.STRICT, asyncio_default_fixture_loop_scope=None, asyncio_default_test_loop_scope=function
collected 20 items

tests\test_api_client.py ..                                              [ 10%]
tests\test_business_logic.py .F.                                         [ 25%]
tests\test_config.py .                                                   [ 30%]
tests\test_logger_setup.py .                                             [ 35%]
tests\test_notifier.py ....                                              [ 55%]
tests\test_storage.py ..                                                 [ 65%]
tests\test_visualizer.py ....F..                                         [100%]

================================== FAILURES ===================================
________________________ test_generate_html_dashboard _________________________

mock_open_file = <MagicMock name='open' id='2451526214928'>
mock_export = <MagicMock name='export_html' id='2451526214592'>
mock_config = <MagicMock id='2451526210224'>

    @patch('src.business_logic.Console.export_html', return_value="<html></html>")
    @patch('builtins.open', new_callable=MagicMock)
    def test_generate_html_dashboard(mock_open_file, mock_export, mock_config):
        bl = TrackerBusinessLogic(mock_config)
        bl.generate_html_dashboard(60000.0, "line.png", "candle.png")
    
        mock_export.assert_called_once()
>       mock_open_file.assert_called_once()

tests\test_business_logic.py:56: 
_ _ _ _ _ _ _ _ _ _ _ _ _ _ _ _ _ _ _ _ _ _ _ _ _ _ _ _ _ _ _ _ _ _ _ _ _ _ _ _

self = <MagicMock name='open' id='2451526214928'>

    def assert_called_once(self):
        """assert that the mock was called only once.
        """
        if not self.call_count == 1:
            msg = ("Expected '%s' to have been called once. Called %s times.%s"
                   % (self._mock_name or 'mock',
                      self.call_count,
                      self._calls_repr()))
>           raise AssertionError(msg)
E           AssertionError: Expected 'open' to have been called once. Called 2 times.
E           Calls: [call('fake_dir/fake.json', 'w'),
E            call().__enter__(),
E            call().__enter__().write('[]'),
E            call().__exit__(None, None, None),
E            call('fake_dir\\index.html', 'w', encoding='utf-8'),
E            call().__enter__(),
E            call().__enter__().write('\\n        <!DOCTYPE html>\\n        <html lang="en">\\n        <head>\\n            <meta charset="UTF-8">\\n            <title>BPI Live Dashboard</title>\\n            <style>\\n                body { font-family: \\'Segoe UI\\', Tahoma, Geneva, Verdana, sans-serif; background-color: #121212; color: #ffffff; padding: 20px; }\\n                h1 { color: #00ffcc; text-align: center; border-bottom: 2px solid #333; padding-bottom: 10px; }\\n                .stats-card { background-color: #1e1e1e; padding: 20px; border-radius: 8px; text-align: center; margin-bottom: 30px; border: 1px solid #333; }\\n                .stats-card h2 { color: #ff9900; margin: 0; font-size: 2.5em; }\\n                .graphs-container { display: flex; flex-wrap: wrap; justify-content: space-around; gap: 20px; margin-bottom: 40px; }\\n                .graph-box { background-color: #1e1e1e; padding: 10px; border-radius: 8px; border: 1px solid #333; flex: 1; min-width: 400px; text-align: center; }\\n                .graph-box img { max-width: 100%; border-radius: 4px; }\\n                .terminal-box { background-color: #000000; padding: 20px; border-radius: 8px; border: 1px solid #333; overflow-x: auto; }\\n            </style>\\n        </head>\\n        <body>\\n            <h1>\U0001f680 BPI Automation Execution Report</h1>\\n            \\n            <div class="stats-card">\\n                <p>Maximum Price Recorded</p>\\n                <h2>$60,000.00</h2>\\n            </div>\\n\\n            <div class="graphs-container">\\n                <div class="graph-box">\\n                    <h3>Line Chart</h3>\\n                    <img src="line.png" alt="Line Chart">\\n                </div>\\n                <div class="graph-box">\\n                    <h3>Candlestick Chart (5m)</h3>\\n                    <img src="candle.png" alt="Candlestick Chart">\\n                </div>\\n            </div>\\n\\n            <h2>Execution Logs</h2>\\n            <div class="terminal-box">\\n                <html></html>\\n            </div>\\n        </body>\\n        </html>\\n        '),
E            call().__exit__(None, None, None)].

C:\Users\Haim\AppData\Local\Programs\Python\Python313\Lib\unittest\mock.py:958: AssertionError
---------------------------- Captured stdout call -----------------------------
Generating HTML Dashboard...
Dashboard created successfully at fake_dir\index.html
____________________ test_generate_candlestick_chart_empty ____________________

graph_gen = <src.visualizer.BpiGraphGenerator object at 0x0000023ACAE0DB50>

    def test_generate_candlestick_chart_empty(graph_gen):
        # Pass empty df, plotting should just return
        df = pd.DataFrame({"price": []})
>       graph_gen.generate_candlestick_chart(df)

tests\test_visualizer.py:40: 
_ _ _ _ _ _ _ _ _ _ _ _ _ _ _ _ _ _ _ _ _ _ _ _ _ _ _ _ _ _ _ _ _ _ _ _ _ _ _ _
src\visualizer.py:55: in generate_candlestick_chart
    ohlc = df['price'].resample('10s').ohlc()
C:\Users\Haim\AppData\Local\Programs\Python\Python313\Lib\site-packages\pandas\core\generic.py:9423: in resample
    return get_resampler(
C:\Users\Haim\AppData\Local\Programs\Python\Python313\Lib\site-packages\pandas\core\resample.py:2335: in get_resampler
    return tg._get_resampler(obj)
_ _ _ _ _ _ _ _ _ _ _ _ _ _ _ _ _ _ _ _ _ _ _ _ _ _ _ _ _ _ _ _ _ _ _ _ _ _ _ _

self = TimeGrouper(freq=<10 * Seconds>, sort=True, dropna=True, closed='left', label='left', how='mean', convention='start', origin='start_day')
obj = Series([], Name: price, dtype: float64)

    def _get_resampler(self, obj: NDFrame) -> Resampler:
        """
        Return my resampler or raise if we have an invalid axis.
    
        Parameters
        ----------
        obj : Series or DataFrame
    
        Returns
        -------
        Resampler
    
        Raises
        ------
        TypeError if incompatible axis
    
        """
        _, ax, _ = self._set_grouper(obj, gpr_index=None)
        if isinstance(ax, DatetimeIndex):
            return DatetimeIndexResampler(
                obj,
                timegrouper=self,
                group_keys=self.group_keys,
                gpr_index=ax,
            )
        elif isinstance(ax, PeriodIndex):
            return PeriodIndexResampler(
                obj,
                timegrouper=self,
                group_keys=self.group_keys,
                gpr_index=ax,
            )
        elif isinstance(ax, TimedeltaIndex):
            return TimedeltaIndexResampler(
                obj,
                timegrouper=self,
                group_keys=self.group_keys,
                gpr_index=ax,
            )
    
>       raise TypeError(
            "Only valid with DatetimeIndex, "
            "TimedeltaIndex or PeriodIndex, "
            f"but got an instance of '{type(ax).__name__}'"
        )
E       TypeError: Only valid with DatetimeIndex, TimedeltaIndex or PeriodIndex, but got an instance of 'RangeIndex'

C:\Users\Haim\AppData\Local\Programs\Python\Python313\Lib\site-packages\pandas\core\resample.py:2541: TypeError
============================== warnings summary ===============================
tests/test_visualizer.py::test_generate_line_chart
tests/test_visualizer.py::test_generate_line_chart
tests/test_visualizer.py::test_generate_line_chart
tests/test_visualizer.py::test_generate_line_chart
tests/test_visualizer.py::test_generate_line_chart
tests/test_visualizer.py::test_generate_line_chart
tests/test_visualizer.py::test_generate_line_chart
  C:\Users\Haim\AppData\Local\Programs\Python\Python313\Lib\site-packages\matplotlib\backends\_backend_tk.py:778: DeprecationWarning: 'mode' parameter is deprecated and will be removed in Pillow 13 (2026-10-15)
    return Image.fromarray(image_data, mode="RGBA")

-- Docs: https://docs.pytest.org/en/stable/how-to/capture-warnings.html
=========================== short test summary info ===========================
FAILED tests/test_business_logic.py::test_generate_html_dashboard - Assertion...
FAILED tests/test_visualizer.py::test_generate_candlestick_chart_empty - Type...
================== 2 failed, 18 passed, 7 warnings in 1.35s ===================
